<?xml version="1.0" encoding="UTF-8"?>
<testng-results ignored="0" total="0" passed="0" failed="0" skipped="0">
  <reporter-output>
  </reporter-output>
  <suite started-at="2020-12-01T23:48:49 GMT+02:00" name="Cucumber Framework" finished-at="2020-12-01T23:48:51 GMT+02:00" duration-ms="2469">
    <groups>
    </groups>
    <test started-at="2020-12-01T23:48:49 GMT+02:00" name="Cucumber Tests" finished-at="2020-12-01T23:48:51 GMT+02:00" duration-ms="2469">
    </test> <!-- Cucumber Tests -->
  </suite> <!-- Cucumber Framework -->
</testng-results>
